{"/Users/n/code/github-profile-viewer/lib.js":{"path":"/Users/n/code/github-profile-viewer/lib.js","s":{"1":1,"2":1,"3":1,"4":1,"5":1,"6":1,"7":3,"8":3,"9":0,"10":0,"11":0,"12":0,"13":0,"14":0,"15":0,"16":0,"17":1,"18":2,"19":0,"20":0,"21":0,"22":0,"23":1},"b":{"1":[0,0],"2":[0,0]},"f":{"1":3,"2":0,"3":2,"4":0,"5":0},"fnMap":{"1":{"name":"(anonymous_1)","line":16,"loc":{"start":{"line":16,"column":31},"end":{"line":16,"column":60}}},"2":{"name":"(anonymous_2)","line":19,"loc":{"start":{"line":19,"column":47},"end":{"line":19,"column":66}}},"3":{"name":"(anonymous_3)","line":36,"loc":{"start":{"line":36,"column":32},"end":{"line":36,"column":61}}},"4":{"name":"(anonymous_4)","line":37,"loc":{"start":{"line":37,"column":43},"end":{"line":37,"column":62}}},"5":{"name":"(anonymous_5)","line":39,"loc":{"start":{"line":39,"column":53},"end":{"line":39,"column":67}}}},"statementMap":{"1":{"start":{"line":1,"column":0},"end":{"line":1,"column":31}},"2":{"start":{"line":2,"column":0},"end":{"line":2,"column":38}},"3":{"start":{"line":3,"column":0},"end":{"line":6,"column":3}},"4":{"start":{"line":8,"column":0},"end":{"line":12,"column":3}},"5":{"start":{"line":14,"column":0},"end":{"line":14,"column":12}},"6":{"start":{"line":16,"column":0},"end":{"line":36,"column":0}},"7":{"start":{"line":17,"column":4},"end":{"line":17,"column":23}},"8":{"start":{"line":19,"column":4},"end":{"line":33,"column":7}},"9":{"start":{"line":20,"column":8},"end":{"line":22,"column":9}},"10":{"start":{"line":21,"column":12},"end":{"line":21,"column":37}},"11":{"start":{"line":23,"column":8},"end":{"line":30,"column":9}},"12":{"start":{"line":25,"column":12},"end":{"line":29,"column":13}},"13":{"start":{"line":26,"column":16},"end":{"line":26,"column":48}},"14":{"start":{"line":28,"column":16},"end":{"line":28,"column":47}},"15":{"start":{"line":31,"column":8},"end":{"line":31,"column":31}},"16":{"start":{"line":32,"column":8},"end":{"line":32,"column":28}},"17":{"start":{"line":36,"column":0},"end":{"line":47,"column":0}},"18":{"start":{"line":37,"column":4},"end":{"line":44,"column":7}},"19":{"start":{"line":39,"column":8},"end":{"line":42,"column":8}},"20":{"start":{"line":40,"column":12},"end":{"line":41,"column":8}},"21":{"start":{"line":42,"column":8},"end":{"line":42,"column":36}},"22":{"start":{"line":43,"column":8},"end":{"line":43,"column":26}},"23":{"start":{"line":47,"column":0},"end":{"line":47,"column":20}}},"branchMap":{"1":{"line":20,"type":"if","locations":[{"start":{"line":20,"column":8},"end":{"line":20,"column":8}},{"start":{"line":20,"column":8},"end":{"line":20,"column":8}}]},"2":{"line":25,"type":"if","locations":[{"start":{"line":25,"column":12},"end":{"line":25,"column":12}},{"start":{"line":25,"column":12},"end":{"line":25,"column":12}}]}}}}